<?xml version="1.0" encoding="UTF-8"?>
<!-- Generated by org.testng.reporters.JUnitReportReporter -->
<testsuite name="Assignment.DataProvider_annotation" tests="2" time="0.007" ignored="0" failures="0" timestamp="22 Oct 2020 07:30:35 GMT" skipped="0" hostname="DESKTOP-7KT75FO" errors="0">
  <testcase name="f" time="0.007" classname="Assignment.DataProvider_annotation"/>
  <testcase name="f" time="0.000" classname="Assignment.DataProvider_annotation"/>
</testsuite> <!-- Assignment.DataProvider_annotation -->
